0 info it worked if it ends with ok
1 verbose cli [ '/Users/naderdabit/.nvm/versions/node/v6.9.1/bin/node',
1 verbose cli   '/Users/naderdabit/.nvm/versions/node/v6.9.1/bin/npm',
1 verbose cli   'publish' ]
2 info using npm@3.10.8
3 info using node@v6.9.1
4 verbose publish [ '.' ]
5 silly cache add args [ '.', null ]
6 verbose cache add spec .
7 silly cache add parsed spec Result {
7 silly cache add   raw: '.',
7 silly cache add   scope: null,
7 silly cache add   escapedName: null,
7 silly cache add   name: null,
7 silly cache add   rawSpec: '.',
7 silly cache add   spec: '/Users/naderdabit/temp/opensource/create-rn-web-app',
7 silly cache add   type: 'directory' }
8 verbose addLocalDirectory /Users/naderdabit/.npm/create-rn-web-app/0.0.2/package.tgz not in flight; packing
9 verbose correctMkdir /Users/naderdabit/.npm correctMkdir not in flight; initializing
10 info lifecycle create-rn-web-app@0.0.2~prepublish: create-rn-web-app@0.0.2
11 silly lifecycle create-rn-web-app@0.0.2~prepublish: no script for prepublish, continuing
12 verbose tar pack [ '/Users/naderdabit/.npm/create-rn-web-app/0.0.2/package.tgz',
12 verbose tar pack   '/Users/naderdabit/temp/opensource/create-rn-web-app' ]
13 verbose tarball /Users/naderdabit/.npm/create-rn-web-app/0.0.2/package.tgz
14 verbose folder /Users/naderdabit/temp/opensource/create-rn-web-app
15 verbose addLocalTarball adding from inside cache /Users/naderdabit/.npm/create-rn-web-app/0.0.2/package.tgz
16 verbose correctMkdir /Users/naderdabit/.npm correctMkdir not in flight; initializing
17 silly cache afterAdd create-rn-web-app@0.0.2
18 verbose afterAdd /Users/naderdabit/.npm/create-rn-web-app/0.0.2/package/package.json not in flight; writing
19 verbose correctMkdir /Users/naderdabit/.npm correctMkdir not in flight; initializing
20 verbose afterAdd /Users/naderdabit/.npm/create-rn-web-app/0.0.2/package/package.json written
21 silly publish { name: 'create-rn-web-app',
21 silly publish   version: '0.0.2',
21 silly publish   description: 'react native web project generator',
21 silly publish   main: 'index.js',
21 silly publish   bin: { 'create-rn-web-app': 'bin/cli.js' },
21 silly publish   scripts:
21 silly publish    { test: 'echo "Error: no test specified" && exit 1',
21 silly publish      'build-source': 'node build.js' },
21 silly publish   author: { name: 'Nader Dabit' },
21 silly publish   license: 'ISC',
21 silly publish   dependencies:
21 silly publish    { figlet: '^1.2.0',
21 silly publish      shelljs: '^0.7.7',
21 silly publish      chalk: '^1.1.3',
21 silly publish      commander: '^2.9.0',
21 silly publish      'cross-spawn': '^5.1.0' },
21 silly publish   readme: '### [React Native Web](https://github.com/necolas/react-native-web)  Project Generator\n\nThis app works on React Native (iOS, Android, AppleTV) and web.\n\n## To get started, install the create-rn-web-app cli globally   \n```\nnpm i -g create-rn-web-app\n```\n\n## To create a new React Native Web app\n\n1. Run create-rn-web-app <projectName>   \n```\ncreate-rn-web-app MyProject\n```\n\n\n![cli](https://i.imgur.com/pIJP8SO.jpg)\n\n\n### To run on web:   \n\n1. Run npm run web\n```\nnpm run web\n```\n\nThis starts the webpack server.\n\n2. Open localhost:8080 in your browser to view the app.\n\n### Building for React Native (iOS, Android, AppleTV)   \n\niOS: Run react-native run-ios\n```\nreact-native run-ios \n``` \n\nThis start the packager as well as the iOS simulator.\n\nAndroid: Run react-native run-android\n```\nreact-native run-android\n```\n\nThis start the packager as well as the Android emulator.\n\nUse the command line, Xcode or Android Studio to build and deploy the native app code just like you would with any other React Native project.\n',
21 silly publish   readmeFilename: 'README.md',
21 silly publish   gitHead: '82b4ae31dc7a9dd6f6281f8a2a9fc41d9a56b6d6',
21 silly publish   _id: 'create-rn-web-app@0.0.2',
21 silly publish   _shasum: '8b199f960c29fb1b0d0440ce803729d395b6f7c9',
21 silly publish   _from: '.' }
22 verbose getPublishConfig undefined
23 silly mapToRegistry name create-rn-web-app
24 silly mapToRegistry using default registry
25 silly mapToRegistry registry https://registry.npmjs.org/
26 silly mapToRegistry data Result {
26 silly mapToRegistry   raw: 'create-rn-web-app',
26 silly mapToRegistry   scope: null,
26 silly mapToRegistry   escapedName: 'create-rn-web-app',
26 silly mapToRegistry   name: 'create-rn-web-app',
26 silly mapToRegistry   rawSpec: '',
26 silly mapToRegistry   spec: 'latest',
26 silly mapToRegistry   type: 'tag' }
27 silly mapToRegistry uri https://registry.npmjs.org/create-rn-web-app
28 verbose publish registryBase https://registry.npmjs.org/
29 silly publish uploading /Users/naderdabit/.npm/create-rn-web-app/0.0.2/package.tgz
30 verbose request uri https://registry.npmjs.org/create-rn-web-app
31 verbose request sending authorization for write operation
32 info attempt registry request try #1 at 5:52:47 PM
33 verbose request using bearer token for auth
34 verbose request id 679268136aae4f16
35 http request PUT https://registry.npmjs.org/create-rn-web-app
36 http 403 https://registry.npmjs.org/create-rn-web-app
37 verbose headers { 'content-type': 'application/json',
37 verbose headers   'cache-control': 'max-age=300',
37 verbose headers   'content-length': '91',
37 verbose headers   'accept-ranges': 'bytes',
37 verbose headers   date: 'Fri, 08 Sep 2017 15:52:53 GMT',
37 verbose headers   via: '1.1 varnish',
37 verbose headers   connection: 'keep-alive',
37 verbose headers   'x-served-by': 'cache-hhn1529-HHN',
37 verbose headers   'x-cache': 'MISS',
37 verbose headers   'x-cache-hits': '0',
37 verbose headers   'x-timer': 'S1504885968.823955,VS0,VE5531',
37 verbose headers   vary: 'Accept-Encoding, Accept' }
38 verbose request invalidating /Users/naderdabit/.npm/registry.npmjs.org/create-rn-web-app on PUT
39 error publish Failed PUT 403
40 verbose stack Error: You cannot publish over the previously published version 0.0.2. : create-rn-web-app
40 verbose stack     at makeError (/Users/naderdabit/.nvm/versions/node/v6.9.1/lib/node_modules/npm/node_modules/npm-registry-client/lib/request.js:302:12)
40 verbose stack     at CachingRegistryClient.<anonymous> (/Users/naderdabit/.nvm/versions/node/v6.9.1/lib/node_modules/npm/node_modules/npm-registry-client/lib/request.js:290:14)
40 verbose stack     at Request._callback (/Users/naderdabit/.nvm/versions/node/v6.9.1/lib/node_modules/npm/node_modules/npm-registry-client/lib/request.js:210:14)
40 verbose stack     at Request.self.callback (/Users/naderdabit/.nvm/versions/node/v6.9.1/lib/node_modules/npm/node_modules/request/request.js:187:22)
40 verbose stack     at emitTwo (events.js:106:13)
40 verbose stack     at Request.emit (events.js:191:7)
40 verbose stack     at Request.<anonymous> (/Users/naderdabit/.nvm/versions/node/v6.9.1/lib/node_modules/npm/node_modules/request/request.js:1044:10)
40 verbose stack     at emitOne (events.js:96:13)
40 verbose stack     at Request.emit (events.js:188:7)
40 verbose stack     at IncomingMessage.<anonymous> (/Users/naderdabit/.nvm/versions/node/v6.9.1/lib/node_modules/npm/node_modules/request/request.js:965:12)
41 verbose statusCode 403
42 verbose pkgid create-rn-web-app
43 verbose cwd /Users/naderdabit/temp/opensource/create-rn-web-app
44 error Darwin 16.7.0
45 error argv "/Users/naderdabit/.nvm/versions/node/v6.9.1/bin/node" "/Users/naderdabit/.nvm/versions/node/v6.9.1/bin/npm" "publish"
46 error node v6.9.1
47 error npm  v3.10.8
48 error code E403
49 error You cannot publish over the previously published version 0.0.2. : create-rn-web-app
50 error If you need help, you may report this error at:
50 error     <https://github.com/npm/npm/issues>
51 verbose exit [ 1, true ]
